<?xml version="1.0" encoding="UTF-8"?>
<!-- Generated by org.testng.reporters.JUnitXMLReporter -->
<testsuite ignored="0" hostname="user-PC" failures="1" tests="1" name="Homepagevalidation" time="380.485" errors="0" timestamp="2020-08-10T21:49:01 IST">
  <testcase classname="Myproject.E2E.TitlevalidateTest" name="validations" time="4.496">
    <failure type="java.lang.AssertionError" message="expected [FEATURED COURSES] but found [Featured Courses]">
      <![CDATA[java.lang.AssertionError: expected [FEATURED COURSES] but found [Featured Courses]
at Myproject.E2E.TitlevalidateTest.validations(TitlevalidateTest.java:42)
at java.base/java.util.ArrayList.forEach(ArrayList.java:1507)
at java.base/java.util.concurrent.FutureTask.run(FutureTask.java:264)
at java.base/java.util.concurrent.ThreadPoolExecutor.runWorker(ThreadPoolExecutor.java:1128)
at java.base/java.util.concurrent.ThreadPoolExecutor$Worker.run(ThreadPoolExecutor.java:628)
at java.base/java.lang.Thread.run(Thread.java:830)
... Removed 23 stack frames]]>
    </failure>
  </testcase> <!-- validations -->
</testsuite> <!-- Homepagevalidation -->
