<!DOCTYPE html PUBLIC "-//W3C//DTD XHTML 1.1//EN" "https://www.w3.org/TR/xhtml11/DTD/xhtml11.dtd">
<html xmlns="https://www.w3.org/1999/xhtml">
<head>
<meta http-equiv="content-type" content="text/html; charset=UTF-8"/>
<title>TestNG Report</title>
<style type="text/css">table {margin-bottom:10px;border-collapse:collapse;empty-cells:show}th,td {border:1px solid #009;padding:.25em .5em}th {vertical-align:bottom}td {vertical-align:top}table a {font-weight:bold}.stripe td {background-color: #E6EBF9}.num {text-align:right}.passedodd td {background-color: #3F3}.passedeven td {background-color: #0A0}.skippedodd td {background-color: #DDD}.skippedeven td {background-color: #CCC}.failedodd td,.attn {background-color: #F33}.failedeven td,.stripe .attn {background-color: #D00}.stacktrace {white-space:pre;font-family:monospace}.totop {font-size:85%;text-align:center;border-bottom:2px solid #000}.invisible {display:none}</style>
</head>
<body>
<table>
<tr><th>Test</th><th># Passed</th><th># Skipped</th><th># Retried</th><th># Failed</th><th>Time (ms)</th><th>Included Groups</th><th>Excluded Groups</th></tr>
<tr><th colspan="8">Suite</th></tr>
<tr><td><a href="#t0">validation</a></td><td class="num">1</td><td class="num">0</td><td class="num">0</td><td class="num">0</td><td class="num">366,369</td><td></td><td></td></tr>
<tr class="stripe"><td><a href="#t1">Homepagevalidation</a></td><td class="num">0</td><td class="num">0</td><td class="num">0</td><td class="num attn">1</td><td class="num">380,485</td><td></td><td></td></tr>
<tr><td><a href="#t2">Login page validation</a></td><td class="num">1</td><td class="num">0</td><td class="num">0</td><td class="num attn">1</td><td class="num">440,086</td><td></td><td></td></tr>
<tr><th>Total</th><th class="num">2</th><th class="num">0</th><th class="num">0</th><th class="num attn">2</th><th class="num">1,186,940</th><th colspan="2"></th></tr>
</table>
<table id='summary'><thead><tr><th>Class</th><th>Method</th><th>Start</th><th>Time (ms)</th></tr></thead><tbody><tr><th colspan="4">Suite</th></tr></tbody><tbody id="t0"><tr><th colspan="4">validation &#8212; passed</th></tr><tr class="passedeven"><td rowspan="1">Myproject.E2E.ValidateNavigationBarTest</td><td><a href="#m0">validations</a></td><td rowspan="1">1597076210334</td><td rowspan="1">62026</td></tr></tbody>
<tbody id="t1"><tr><th colspan="4">Homepagevalidation &#8212; failed</th></tr><tr class="failedeven"><td rowspan="1">Myproject.E2E.TitlevalidateTest</td><td><a href="#m1">validations</a></td><td rowspan="1">1597076297289</td><td rowspan="1">4496</td></tr></tbody>
<tbody id="t2"><tr><th colspan="4">Login page validation &#8212; failed</th></tr><tr class="failedeven"><td rowspan="1">Myproject.E2E.HomePageTest</td><td><a href="#m2">basePageNavigations</a></td><td rowspan="1">1597076377056</td><td rowspan="1">7274</td></tr><tr><th colspan="4">Login page validation &#8212; passed</th></tr><tr class="passedeven"><td rowspan="1">Myproject.E2E.HomePageTest</td><td><a href="#m3">basePageNavigations</a></td><td rowspan="1">1597075983189</td><td rowspan="1">393770</td></tr></tbody>
</table>
<h2>validation</h2><h3 id="m0">Myproject.E2E.ValidateNavigationBarTest#validations</h3><table class="result"><tr><th class="invisible"/></tr></table><p class="totop"><a href="#summary">back to summary</a></p>
<h2>Homepagevalidation</h2><h3 id="m1">Myproject.E2E.TitlevalidateTest#validations</h3><table class="result"><tr><th>Exception</th></tr><tr><td><div class="stacktrace">java.lang.AssertionError: expected [FEATURED COURSES] but found [Featured Courses]
	at Myproject.E2E.TitlevalidateTest.validations(TitlevalidateTest.java:42)
	at java.base/java.util.ArrayList.forEach(ArrayList.java:1507)
	at java.base/java.util.concurrent.FutureTask.run(FutureTask.java:264)
	at java.base/java.util.concurrent.ThreadPoolExecutor.runWorker(ThreadPoolExecutor.java:1128)
	at java.base/java.util.concurrent.ThreadPoolExecutor$Worker.run(ThreadPoolExecutor.java:628)
	at java.base/java.lang.Thread.run(Thread.java:830)
... Removed 23 stack frames</div></td></tr></table><p class="totop"><a href="#summary">back to summary</a></p>
<h2>Login page validation</h2><h3 id="m2">Myproject.E2E.HomePageTest#basePageNavigations</h3><table class="result"><tr class="param"><th>Parameter #1</th><th>Parameter #2</th><th>Parameter #3</th></tr><tr class="param stripe"><td>Restricteduser.com</td><td>456789</td><td>Texttt</td></tr><tr><th colspan="3">Exception</th></tr><tr><td colspan="3"><div class="stacktrace">org.openqa.selenium.ElementClickInterceptedException: element click intercepted: Element &lt;a _ngcontent-qmq-c18=&quot;&quot; href=&quot;https://courses.rahulshettyacademy.com/sign_in&quot; class=&quot;theme-btn register-btn&quot;&gt;...&lt;/a&gt; is not clickable at point (939, 27). Other element would receive the click: &lt;div _ngcontent-qmq-c18=&quot;&quot; class=&quot;preloader&quot; style=&quot;opacity: 0.284272;&quot;&gt;...&lt;/div&gt;
  (Session info: chrome=84.0.4147.105)
Build info: version: &apos;3.141.59&apos;, revision: &apos;e82be7d358&apos;, time: &apos;2018-11-14T08:17:03&apos;
System info: host: &apos;USER-PC&apos;, ip: &apos;192.168.0.4&apos;, os.name: &apos;Windows 7&apos;, os.arch: &apos;amd64&apos;, os.version: &apos;6.1&apos;, java.version: &apos;13.0.2&apos;
Driver info: org.openqa.selenium.chrome.ChromeDriver
Capabilities {acceptInsecureCerts: false, browserName: chrome, browserVersion: 84.0.4147.105, chrome: {chromedriverVersion: 83.0.4103.39 (ccbf011cb2d2b..., userDataDir: C:\Users\user\AppData\Local...}, goog:chromeOptions: {debuggerAddress: localhost:51889}, javascriptEnabled: true, networkConnectionEnabled: false, pageLoadStrategy: normal, platform: WINDOWS, platformName: WINDOWS, proxy: Proxy(), setWindowRect: true, strictFileInteractability: false, timeouts: {implicit: 0, pageLoad: 300000, script: 30000}, unhandledPromptBehavior: dismiss and notify, webauthn:virtualAuthenticators: true}
Session ID: 92a9ac7afe4ba903778ef1b76db0d339
	at org.openqa.selenium.remote.http.W3CHttpResponseCodec.createException(W3CHttpResponseCodec.java:187)
	at org.openqa.selenium.remote.http.W3CHttpResponseCodec.decode(W3CHttpResponseCodec.java:122)
	at org.openqa.selenium.remote.http.W3CHttpResponseCodec.decode(W3CHttpResponseCodec.java:49)
	at org.openqa.selenium.remote.HttpCommandExecutor.execute(HttpCommandExecutor.java:158)
	at org.openqa.selenium.remote.service.DriverCommandExecutor.execute(DriverCommandExecutor.java:83)
	at org.openqa.selenium.remote.RemoteWebDriver.execute(RemoteWebDriver.java:552)
	at org.openqa.selenium.remote.RemoteWebElement.execute(RemoteWebElement.java:285)
	at org.openqa.selenium.remote.RemoteWebElement.click(RemoteWebElement.java:84)
	at Myproject.E2E.HomePageTest.basePageNavigations(HomePageTest.java:33)
	at java.base/java.util.ArrayList.forEach(ArrayList.java:1507)
	at java.base/java.util.concurrent.FutureTask.run(FutureTask.java:264)
	at java.base/java.util.concurrent.ThreadPoolExecutor.runWorker(ThreadPoolExecutor.java:1128)
	at java.base/java.util.concurrent.ThreadPoolExecutor$Worker.run(ThreadPoolExecutor.java:628)
	at java.base/java.lang.Thread.run(Thread.java:830)
... Removed 23 stack frames</div></td></tr></table><p class="totop"><a href="#summary">back to summary</a></p>
<h3 id="m3">Myproject.E2E.HomePageTest#basePageNavigations</h3><table class="result"><tr class="param"><th>Parameter #1</th><th>Parameter #2</th><th>Parameter #3</th></tr><tr class="param stripe"><td>Nonrestricteduser.com</td><td>1234556</td><td>Text</td></tr></table><p class="totop"><a href="#summary">back to summary</a></p>
</body>
</html>
